--2026-03-17 10:35:08--  https://zenodo.org/records/15733378/files/ecoli_and_lambda.tar
Resolving zenodo.org (zenodo.org)... 188.184.103.118, 137.138.153.219, 188.185.48.75, ...
Connecting to zenodo.org (zenodo.org)|188.184.103.118|:443... connected.
HTTP request sent, awaiting response... 200 OK
Length: 8632320 (8.2M) [application/octet-stream]
Saving to: ‘ecoli_and_lambda.tar’

     0K .......... .......... .......... .......... ..........  0%  262K 32s
    50K .......... .......... .......... .......... ..........  1% 1001K 20s
   100K .......... .......... .......... .......... ..........  1%  519K 19s
   150K .......... .......... .......... .......... ..........  2% 58.5M 14s
   200K .......... .......... .......... .......... ..........  2%  521K 14s
   250K .......... .......... .......... .......... ..........  3%  514K 14s
   300K .......... .......... .......... .......... ..........  4% 72.2M 12s
   350K .......... .......... .......... .......... ..........  4%  522K 13s
   400K .......... .......... .......... .......... ..........  5% 98.0M 11s
   450K .......... .......... .......... .......... ..........  5%  517K 11s
   500K .......... .......... .......... .......... ..........  6% 98.8M 10s
   550K .......... .......... .......... .......... ..........  7%  520K 11s
   600K .......... .......... .......... .......... ..........  7% 41.6M 10s
   650K .......... .......... .......... .......... ..........  8%  517K 10s
   700K .......... .......... .......... .......... ..........  8% 73.6M 9s
   750K .......... .......... .......... .......... ..........  9%  520K 10s
   800K .......... .......... .......... .......... .......... 10% 80.8M 9s
   850K .......... .......... .......... .......... .......... 10%  522K 9s
   900K .......... .......... .......... .......... .......... 11%  106M 9s
   950K .......... .......... .......... .......... .......... 11%  520K 9s
  1000K .......... .......... .......... .......... .......... 12% 75.9M 9s
  1050K .......... .......... .......... .......... .......... 13% 81.1M 8s
  1100K .......... .......... .......... .......... .......... 13%  523K 8s
  1150K .......... .......... .......... .......... .......... 14% 59.5M 8s
  1200K .......... .......... .......... .......... .......... 14% 88.3M 8s
  1250K .......... .......... .......... .......... .......... 15%  523K 8s
  1300K .......... .......... .......... .......... .......... 16%  109M 7s
  1350K .......... .......... .......... .......... .......... 16% 93.9M 7s
  1400K .......... .......... .......... .......... .......... 17%  523K 7s
  1450K .......... .......... .......... .......... .......... 17% 91.6M 7s
  1500K .......... .......... .......... .......... .......... 18% 98.3M 7s
  1550K .......... .......... .......... .......... .......... 18%  518K 7s
  1600K .......... .......... .......... .......... .......... 19% 31.2M 7s
  1650K .......... .......... .......... .......... .......... 20%  524K 7s
  1700K .......... .......... .......... .......... .......... 20% 84.3M 6s
  1750K .......... .......... .......... .......... .......... 21%  519K 7s
  1800K .......... .......... .......... .......... .......... 21% 67.3M 6s
  1850K .......... .......... .......... .......... .......... 22%  522K 6s
  1900K .......... .......... .......... .......... .......... 23% 81.0M 6s
  1950K .......... .......... .......... .......... .......... 23%  521K 6s
  2000K .......... .......... .......... .......... .......... 24%  112M 6s
  2050K .......... .......... .......... .......... .......... 24%  522K 6s
  2100K .......... .......... .......... .......... .......... 25% 74.9M 6s
  2150K .......... .......... .......... .......... .......... 26%  522K 6s
  2200K .......... .......... .......... .......... .......... 26%  522K 6s
  2250K .......... .......... .......... .......... .......... 27% 70.2M 6s
  2300K .......... .......... .......... .......... .......... 27%  520K 6s
  2350K .......... .......... .......... .......... .......... 28%  105M 6s
  2400K .......... .......... .......... .......... .......... 29%  521K 6s
  2450K .......... .......... .......... .......... .......... 29% 51.0M 6s
  2500K .......... .......... .......... .......... .......... 30% 92.7M 6s
  2550K .......... .......... .......... .......... .......... 30%  517K 6s
  2600K .......... .......... .......... .......... .......... 31%  117M 6s
  2650K .......... .......... .......... .......... .......... 32%  113M 5s
  2700K .......... .......... .......... .......... .......... 32%  523K 5s
  2750K .......... .......... .......... .......... .......... 33% 62.8M 5s
  2800K .......... .......... .......... .......... .......... 33% 72.5M 5s
  2850K .......... .......... .......... .......... .......... 34%  522K 5s
  2900K .......... .......... .......... .......... .......... 34%  519K 5s
  2950K .......... .......... .......... .......... .......... 35%  118M 5s
  3000K .......... .......... .......... .......... .......... 36%  115M 5s
  3050K .......... .......... .......... .......... .......... 36%  131M 5s
  3100K .......... .......... .......... .......... .......... 37%  519K 5s
  3150K .......... .......... .......... .......... .......... 37% 77.3M 5s
  3200K .......... .......... .......... .......... .......... 38%  522K 5s
  3250K .......... .......... .......... .......... .......... 39%  522K 5s
  3300K .......... .......... .......... .......... .......... 39% 91.5M 5s
  3350K .......... .......... .......... .......... .......... 40%  118M 5s
  3400K .......... .......... .......... .......... .......... 40%  523K 5s
  3450K .......... .......... .......... .......... .......... 41% 87.1M 5s
  3500K .......... .......... .......... .......... .......... 42%  523K 5s
  3550K .......... .......... .......... .......... .......... 42%  129M 4s
  3600K .......... .......... .......... .......... .......... 43%  523K 4s
  3650K .......... .......... .......... .......... .......... 43% 85.7M 4s
  3700K .......... .......... .......... .......... .......... 44%  520K 4s
  3750K .......... .......... .......... .......... .......... 45% 55.4M 4s
  3800K .......... .......... .......... .......... .......... 45% 59.4M 4s
  3850K .......... .......... .......... .......... .......... 46%  524K 4s
  3900K .......... .......... .......... .......... .......... 46%  105M 4s
  3950K .......... .......... .......... .......... .......... 47% 98.0M 4s
  4000K .......... .......... .......... .......... .......... 48%  523K 4s
  4050K .......... .......... .......... .......... .......... 48% 82.3M 4s
  4100K .......... .......... .......... .......... .......... 49%  104M 4s
  4150K .......... .......... .......... .......... .......... 49%  521K 4s
  4200K .......... .......... .......... .......... .......... 50% 92.8M 4s
  4250K .......... .......... .......... .......... .......... 51% 99.9M 4s
  4300K .......... .......... .......... .......... .......... 51%  136M 4s
  4350K .......... .......... .......... .......... .......... 52%  105M 4s
  4400K .......... .......... .......... .......... .......... 52%  111M 3s
  4450K .......... .......... .......... .......... .......... 53%  519K 3s
  4500K .......... .......... .......... .......... .......... 53%  115M 3s
  4550K .......... .......... .......... .......... .......... 54%  102M 3s
  4600K .......... .......... .......... .......... .......... 55%  520K 3s
  4650K .......... .......... .......... .......... .......... 55%  524K 3s
  4700K .......... .......... .......... .......... .......... 56% 85.5M 3s
  4750K .......... .......... .......... .......... .......... 56% 94.7M 3s
  4800K .......... .......... .......... .......... .......... 57% 76.3M 3s
  4850K .......... .......... .......... .......... .......... 58% 96.9M 3s
  4900K .......... .......... .......... .......... .......... 58%  523K 3s
  4950K .......... .......... .......... .......... .......... 59%  105M 3s
  5000K .......... .......... .......... .......... .......... 59%  523K 3s
  5050K .......... .......... .......... .......... .......... 60%  518K 3s
  5100K .......... .......... .......... .......... .......... 61%  523K 3s
  5150K .......... .......... .......... .......... .......... 61% 96.1M 3s
  5200K .......... .......... .......... .......... .......... 62%  521K 3s
  5250K .......... .......... .......... .......... .......... 62% 90.5M 3s
  5300K .......... .......... .......... .......... .......... 63%  520K 3s
  5350K .......... .......... .......... .......... .......... 64%  117M 3s
  5400K .......... .......... .......... .......... .......... 64% 55.9M 3s
  5450K .......... .......... .......... .......... .......... 65%  127M 2s
  5500K .......... .......... .......... .......... .......... 65%  522K 2s
  5550K .......... .......... .......... .......... .......... 66% 48.3M 2s
  5600K .......... .......... .......... .......... .......... 67% 74.3M 2s
  5650K .......... .......... .......... .......... .......... 67%  524K 2s
  5700K .......... .......... .......... .......... .......... 68%  104M 2s
  5750K .......... .......... .......... .......... .......... 68% 90.1M 2s
  5800K .......... .......... .......... .......... .......... 69% 95.2M 2s
  5850K .......... .......... .......... .......... .......... 69%  515K 2s
  5900K .......... .......... .......... .......... .......... 70% 94.6M 2s
  5950K .......... .......... .......... .......... .......... 71%  523K 2s
  6000K .......... .......... .......... .......... .......... 71%  108M 2s
  6050K .......... .......... .......... .......... .......... 72%  523K 2s
  6100K .......... .......... .......... .......... .......... 72%  524K 2s
  6150K .......... .......... .......... .......... .......... 73% 48.7M 2s
  6200K .......... .......... .......... .......... .......... 74%  523K 2s
  6250K .......... .......... .......... .......... .......... 74% 99.8M 2s
  6300K .......... .......... .......... .......... .......... 75% 93.8M 2s
  6350K .......... .......... .......... .......... .......... 75% 76.0M 2s
  6400K .......... .......... .......... .......... .......... 76%  522K 2s
  6450K .......... .......... .......... .......... .......... 77%  522K 2s
  6500K .......... .......... .......... .......... .......... 77%  112M 2s
  6550K .......... .......... .......... .......... .......... 78%  523K 2s
  6600K .......... .......... .......... .......... .......... 78%  518K 2s
  6650K .......... .......... .......... .......... .......... 79%  121M 1s
  6700K .......... .......... .......... .......... .......... 80% 79.7M 1s
  6750K .......... .......... .......... .......... .......... 80%  523K 1s
  6800K .......... .......... .......... .......... .......... 81% 95.3M 1s
  6850K .......... .......... .......... .......... .......... 81% 96.0M 1s
  6900K .......... .......... .......... .......... .......... 82%  524K 1s
  6950K .......... .......... .......... .......... .......... 83%  521K 1s
  7000K .......... .......... .......... .......... .......... 83%  120M 1s
  7050K .......... .......... .......... .......... .......... 84%  108M 1s
  7100K .......... .......... .......... .......... .......... 84% 92.9M 1s
  7150K .......... .......... .......... .......... .......... 85%  522K 1s
  7200K .......... .......... .......... .......... .......... 86%  115M 1s
  7250K .......... .......... .......... .......... .......... 86% 97.6M 1s
  7300K .......... .......... .......... .......... .......... 87%  118M 1s
  7350K .......... .......... .......... .......... .......... 87%  523K 1s
  7400K .......... .......... .......... .......... .......... 88% 85.8M 1s
  7450K .......... .......... .......... .......... .......... 88%  521K 1s
  7500K .......... .......... .......... .......... .......... 89%  510K 1s
  7550K .......... .......... .......... .......... .......... 90%  110M 1s
  7600K .......... .......... .......... .......... .......... 90%  522K 1s
  7650K .......... .......... .......... .......... .......... 91%  115M 1s
  7700K .......... .......... .......... .......... .......... 91%  523K 1s
  7750K .......... .......... .......... .......... .......... 92%  110M 1s
  7800K .......... .......... .......... .......... .......... 93% 91.7M 0s
  7850K .......... .......... .......... .......... .......... 93% 80.5M 0s
  7900K .......... .......... .......... .......... .......... 94%  128M 0s
  7950K .......... .......... .......... .......... .......... 94%  519K 0s
  8000K .......... .......... .......... .......... .......... 95%  524K 0s
  8050K .......... .......... .......... .......... .......... 96%  128M 0s
  8100K .......... .......... .......... .......... .......... 96%  521K 0s
  8150K .......... .......... .......... .......... .......... 97%  124M 0s
  8200K .......... .......... .......... .......... .......... 97%  519K 0s
  8250K .......... .......... .......... .......... .......... 98% 77.7M 0s
  8300K .......... .......... .......... .......... .......... 99%  522K 0s
  8350K .......... .......... .......... .......... .......... 99%  119M 0s
  8400K .......... .......... ..........                      100%  145M=7.1s

2026-03-17 10:35:15 (1.16 MB/s) - ‘ecoli_and_lambda.tar’ saved [8632320/8632320]

java -ea  --add-modules jdk.incubator.vector -Xmx56310m -Xms56310m -cp /sciclone/home/cttillotson/.conda/envs/bbmap-env/opt/bbmap-39.80-0/bbtools.jar align2.BBMap build=1 overwrite=true fastareadlen=500 ref=ecoli_bl21de3.fasta in=lambda_reads.fastq out=mapping.sam nodisk=t ambiguous=best minid=0.9 threads=2
WARNING: Using incubator modules: jdk.incubator.vector
Executing align2.BBMap [build=1, overwrite=true, fastareadlen=500, ref=ecoli_bl21de3.fasta, in=lambda_reads.fastq, out=mapping.sam, nodisk=t, ambiguous=best, minid=0.9, threads=2]
Version 39.80

Set threads to 2
Retaining first best site only for ambiguous mappings.
Set MINIMUM_ALIGNMENT_SCORE_RATIO to 0.816
Executing dna.FastaToChromArrays2 [ecoli_bl21de3.fasta, 1, writeinthread=false, genscaffoldinfo=true, retain, waitforwriting=false, gz=true, maxlen=536670912, writechroms=false, minscaf=1, midpad=300, startpad=8000, stoppad=8000, nodisk=true]

Set genScaffoldInfo=true
Set genome to 1

Loaded Reference:	0.002 seconds.
Loading index for chunk 1-1, build 1
Indexing threads started for block 0-1
Indexing threads finished for block 0-1
Generated Index:	0.553 seconds.
Analyzed Index:   	2.545 seconds.
Started output stream:	0.085 seconds.
Cleared Memory:    	0.138 seconds.
Processing reads in single-ended mode.
Started read stream.
Started 2 mapping threads.
Detecting finished threads: 0, 1

   ------------------   Results   ------------------   

Genome:                	1
Key Length:            	13
Max Indel:             	16000
Minimum Score Ratio:  	0.8162
Mapping Mode:         	normal
Reads Used:           	10000	(1502980 bases)

Mapping:          	1.461 seconds.
Reads/sec:       	6845.55
kBases/sec:      	1028.87


Read 1 data:      	pct reads	num reads 	pct bases	   num bases

mapped:          	 73.9100% 	     7391 	 73.8730% 	     1110296
unambiguous:     	 73.3400% 	     7334 	 73.3881% 	     1103008
ambiguous:       	  0.5700% 	       57 	  0.4849% 	        7288
low-Q discards:  	  0.0000% 	        0 	  0.0000% 	           0

perfect best site:	 47.8200% 	     4782 	 46.8839% 	      704656
semiperfect site:	 47.8200% 	     4782 	 46.8839% 	      704656

Match Rate:      	      NA 	       NA 	 89.9328% 	     1106747
Error Rate:      	 34.4923% 	     2609 	 10.0672% 	      123891
Sub Rate:        	 33.7520% 	     2553 	  0.2853% 	        3511
Del Rate:        	  0.8461% 	       64 	  9.7788% 	      120342
Ins Rate:        	  0.4627% 	       35 	  0.0031% 	          38
N Rate:          	  0.0000% 	        0 	  0.0000% 	           0

Total time:     	5.481 seconds.
